c:\users\home\desktop\s32-vp\winapi findowsforms\winapi\project1\debug\vc142.pdb
c:\users\home\desktop\s32-vp\winapi findowsforms\winapi\project1\debug\vc142.idb
c:\users\home\desktop\s32-vp\winapi findowsforms\winapi\project1\debug\main.obj
c:\users\home\desktop\s32-vp\winapi findowsforms\winapi\project1\debug\gradient.obj
c:\users\home\desktop\s32-vp\winapi findowsforms\winapi\debug\__winapi.exe
c:\users\home\desktop\s32-vp\winapi findowsforms\winapi\debug\__winapi.ilk
c:\users\home\desktop\s32-vp\winapi findowsforms\winapi\debug\__winapi.pdb
c:\users\home\desktop\s32-vp\winapi findowsforms\winapi\project1\debug\winapi.res
c:\users\home\desktop\s32-vp\winapi findowsforms\winapi\project1\debug\source.obj
c:\users\home\desktop\s32-vp\winapi findowsforms\winapi\project1\debug\vc140.idb
c:\users\home\desktop\s32-vp\winapi findowsforms\winapi\project1\debug\vc140.pdb
c:\users\home\desktop\s32-vp\winapi findowsforms\winapi\project1\debug\__winapi.tlog\cl.command.1.tlog
c:\users\home\desktop\s32-vp\winapi findowsforms\winapi\project1\debug\__winapi.tlog\cl.read.1.tlog
c:\users\home\desktop\s32-vp\winapi findowsforms\winapi\project1\debug\__winapi.tlog\cl.write.1.tlog
c:\users\home\desktop\s32-vp\winapi findowsforms\winapi\project1\debug\__winapi.tlog\link.command.1.tlog
c:\users\home\desktop\s32-vp\winapi findowsforms\winapi\project1\debug\__winapi.tlog\link.read.1.tlog
c:\users\home\desktop\s32-vp\winapi findowsforms\winapi\project1\debug\__winapi.tlog\link.write.1.tlog
c:\users\home\desktop\s32-vp\winapi findowsforms\winapi\project1\debug\__winapi.tlog\rc.command.1.tlog
c:\users\home\desktop\s32-vp\winapi findowsforms\winapi\project1\debug\__winapi.tlog\rc.read.1.tlog
c:\users\home\desktop\s32-vp\winapi findowsforms\winapi\project1\debug\__winapi.tlog\rc.write.1.tlog
